{"/Users/ruixinhuang/stemm_lab/stemm-lab/src/services/offlineSubmissionQueueService.ts": {"path":"/Users/ruixinhuang/stemm_lab/stemm-lab/src/services/offlineSubmissionQueueService.ts","statementMap":{"0":{"start":{"line":27,"column":4},"end":{"line":29,"column":5}},"1":{"start":{"line":28,"column":8},"end":{"line":28,"column":74}},"2":{"start":{"line":31,"column":4},"end":{"line":33,"column":5}},"3":{"start":{"line":32,"column":8},"end":{"line":32,"column":79}},"4":{"start":{"line":35,"column":21},"end":{"line":35,"column":77}},"5":{"start":{"line":37,"column":4},"end":{"line":43,"column":5}},"6":{"start":{"line":38,"column":8},"end":{"line":42,"column":10}},"7":{"start":{"line":45,"column":23},"end":{"line":51,"column":6}},"8":{"start":{"line":53,"column":4},"end":{"line":57,"column":6}},"9":{"start":{"line":63,"column":23},"end":{"line":63,"column":63}},"10":{"start":{"line":64,"column":4},"end":{"line":64,"column":38}}},"fnMap":{"0":{"name":"queueFinalSubmission","decl":{"start":{"line":24,"column":22},"end":{"line":24,"column":42}},"loc":{"start":{"line":26,"column":49},"end":{"line":58,"column":1}},"line":26},"1":{"name":"getQueuedSubmissionStatus","decl":{"start":{"line":60,"column":22},"end":{"line":60,"column":47}},"loc":{"start":{"line":62,"column":43},"end":{"line":65,"column":1}},"line":62}},"branchMap":{"0":{"loc":{"start":{"line":27,"column":4},"end":{"line":29,"column":5}},"type":"if","locations":[{"start":{"line":27,"column":4},"end":{"line":29,"column":5}},{"start":{},"end":{}}],"line":27},"1":{"loc":{"start":{"line":31,"column":4},"end":{"line":33,"column":5}},"type":"if","locations":[{"start":{"line":31,"column":4},"end":{"line":33,"column":5}},{"start":{},"end":{}}],"line":31},"2":{"loc":{"start":{"line":37,"column":4},"end":{"line":43,"column":5}},"type":"if","locations":[{"start":{"line":37,"column":4},"end":{"line":43,"column":5}},{"start":{},"end":{}}],"line":37},"3":{"loc":{"start":{"line":48,"column":16},"end":{"line":48,"column":36}},"type":"binary-expr","locations":[{"start":{"line":48,"column":16},"end":{"line":48,"column":28}},{"start":{"line":48,"column":32},"end":{"line":48,"column":36}}],"line":48},"4":{"loc":{"start":{"line":49,"column":16},"end":{"line":49,"column":36}},"type":"binary-expr","locations":[{"start":{"line":49,"column":16},"end":{"line":49,"column":28}},{"start":{"line":49,"column":32},"end":{"line":49,"column":36}}],"line":49},"5":{"loc":{"start":{"line":64,"column":11},"end":{"line":64,"column":37}},"type":"binary-expr","locations":[{"start":{"line":64,"column":11},"end":{"line":64,"column":29}},{"start":{"line":64,"column":33},"end":{"line":64,"column":37}}],"line":64}},"s":{"0":4,"1":1,"2":3,"3":1,"4":2,"5":2,"6":1,"7":1,"8":1,"9":2,"10":2},"f":{"0":4,"1":2},"b":{"0":[1,3],"1":[1,2],"2":[1,1],"3":[1,0],"4":[1,1],"5":[2,1]},"_coverageSchema":"1a1c01bbd47fc00a2c39e90264f33305004495a9","hash":"05fc498860dab9a073cde73e5e273f9b8c30d796"}
,"/Users/ruixinhuang/stemm_lab/stemm-lab/src/services/offlineSubmissionSyncAdapter.ts": {"path":"/Users/ruixinhuang/stemm_lab/stemm-lab/src/services/offlineSubmissionSyncAdapter.ts","statementMap":{"0":{"start":{"line":20,"column":4},"end":{"line":22,"column":5}},"1":{"start":{"line":21,"column":8},"end":{"line":21,"column":21}},"2":{"start":{"line":24,"column":20},"end":{"line":24,"column":62}},"3":{"start":{"line":26,"column":4},"end":{"line":32,"column":6}},"4":{"start":{"line":38,"column":20},"end":{"line":38,"column":38}},"5":{"start":{"line":40,"column":4},"end":{"line":44,"column":5}},"6":{"start":{"line":41,"column":8},"end":{"line":43,"column":10}},"7":{"start":{"line":46,"column":4},"end":{"line":86,"column":5}},"8":{"start":{"line":48,"column":27},"end":{"line":48,"column":103}},"9":{"start":{"line":49,"column":12},"end":{"line":49,"column":61}},"10":{"start":{"line":53,"column":27},"end":{"line":53,"column":103}},"11":{"start":{"line":54,"column":12},"end":{"line":54,"column":61}},"12":{"start":{"line":58,"column":27},"end":{"line":58,"column":103}},"13":{"start":{"line":59,"column":12},"end":{"line":59,"column":61}},"14":{"start":{"line":63,"column":27},"end":{"line":63,"column":103}},"15":{"start":{"line":64,"column":12},"end":{"line":64,"column":61}},"16":{"start":{"line":68,"column":27},"end":{"line":68,"column":103}},"17":{"start":{"line":69,"column":12},"end":{"line":69,"column":61}},"18":{"start":{"line":73,"column":27},"end":{"line":73,"column":103}},"19":{"start":{"line":74,"column":12},"end":{"line":74,"column":61}},"20":{"start":{"line":78,"column":27},"end":{"line":78,"column":103}},"21":{"start":{"line":79,"column":12},"end":{"line":79,"column":61}},"22":{"start":{"line":83,"column":12},"end":{"line":85,"column":14}}},"fnMap":{"0":{"name":"isOfflineSubmissionPayload","decl":{"start":{"line":17,"column":9},"end":{"line":17,"column":35}},"loc":{"start":{"line":19,"column":37},"end":{"line":33,"column":1}},"line":19},"1":{"name":"submitOfflineToFirebase","decl":{"start":{"line":35,"column":22},"end":{"line":35,"column":45}},"loc":{"start":{"line":37,"column":50},"end":{"line":87,"column":1}},"line":37}},"branchMap":{"0":{"loc":{"start":{"line":20,"column":4},"end":{"line":22,"column":5}},"type":"if","locations":[{"start":{"line":20,"column":4},"end":{"line":22,"column":5}},{"start":{},"end":{}}],"line":20},"1":{"loc":{"start":{"line":20,"column":8},"end":{"line":20,"column":43}},"type":"binary-expr","locations":[{"start":{"line":20,"column":8},"end":{"line":20,"column":14}},{"start":{"line":20,"column":18},"end":{"line":20,"column":43}}],"line":20},"2":{"loc":{"start":{"line":27,"column":8},"end":{"line":31,"column":29}},"type":"binary-expr","locations":[{"start":{"line":27,"column":8},"end":{"line":27,"column":50}},{"start":{"line":28,"column":8},"end":{"line":28,"column":35}},{"start":{"line":29,"column":8},"end":{"line":29,"column":35}},{"start":{"line":30,"column":8},"end":{"line":30,"column":40}},{"start":{"line":31,"column":8},"end":{"line":31,"column":29}}],"line":27},"3":{"loc":{"start":{"line":40,"column":4},"end":{"line":44,"column":5}},"type":"if","locations":[{"start":{"line":40,"column":4},"end":{"line":44,"column":5}},{"start":{},"end":{}}],"line":40},"4":{"loc":{"start":{"line":46,"column":4},"end":{"line":86,"column":5}},"type":"switch","locations":[{"start":{"line":47,"column":8},"end":{"line":50,"column":9}},{"start":{"line":52,"column":8},"end":{"line":55,"column":9}},{"start":{"line":57,"column":8},"end":{"line":60,"column":9}},{"start":{"line":62,"column":8},"end":{"line":65,"column":9}},{"start":{"line":67,"column":8},"end":{"line":70,"column":9}},{"start":{"line":72,"column":8},"end":{"line":75,"column":9}},{"start":{"line":77,"column":8},"end":{"line":80,"column":9}},{"start":{"line":82,"column":8},"end":{"line":85,"column":14}}],"line":46}},"s":{"0":4,"1":0,"2":4,"3":4,"4":4,"5":4,"6":1,"7":3,"8":1,"9":1,"10":1,"11":1,"12":0,"13":0,"14":0,"15":0,"16":0,"17":0,"18":0,"19":0,"20":1,"21":1,"22":0},"f":{"0":4,"1":4},"b":{"0":[0,4],"1":[4,4],"2":[4,4,4,3,3],"3":[1,3],"4":[1,1,0,0,0,0,1,0]},"_coverageSchema":"1a1c01bbd47fc00a2c39e90264f33305004495a9","hash":"cc40f0435ea3b85a70fed273a1d5743bde50e6b0"}
,"/Users/ruixinhuang/stemm_lab/stemm-lab/src/services/reflectionQualityService.ts": {"path":"/Users/ruixinhuang/stemm_lab/stemm-lab/src/services/reflectionQualityService.ts","statementMap":{"0":{"start":{"line":8,"column":23},"end":{"line":8,"column":25}},"1":{"start":{"line":9,"column":26},"end":{"line":9,"column":28}},"2":{"start":{"line":11,"column":29},"end":{"line":28,"column":2}},"3":{"start":{"line":30,"column":24},"end":{"line":33,"column":2}},"4":{"start":{"line":35,"column":22},"end":{"line":40,"column":15}},"5":{"start":{"line":36,"column":4},"end":{"line":40,"column":15}},"6":{"start":{"line":42,"column":17},"end":{"line":50,"column":1}},"7":{"start":{"line":43,"column":23},"end":{"line":43,"column":42}},"8":{"start":{"line":45,"column":4},"end":{"line":47,"column":5}},"9":{"start":{"line":46,"column":8},"end":{"line":46,"column":18}},"10":{"start":{"line":49,"column":4},"end":{"line":49,"column":49}},"11":{"start":{"line":52,"column":30},"end":{"line":55,"column":1}},"12":{"start":{"line":53,"column":23},"end":{"line":53,"column":42}},"13":{"start":{"line":54,"column":4},"end":{"line":54,"column":41}},"14":{"start":{"line":57,"column":25},"end":{"line":77,"column":1}},"15":{"start":{"line":58,"column":4},"end":{"line":60,"column":5}},"16":{"start":{"line":59,"column":8},"end":{"line":59,"column":21}},"17":{"start":{"line":62,"column":22},"end":{"line":62,"column":23}},"18":{"start":{"line":64,"column":4},"end":{"line":74,"column":5}},"19":{"start":{"line":64,"column":21},"end":{"line":64,"column":22}},"20":{"start":{"line":65,"column":8},"end":{"line":73,"column":9}},"21":{"start":{"line":66,"column":12},"end":{"line":66,"column":29}},"22":{"start":{"line":68,"column":12},"end":{"line":70,"column":13}},"23":{"start":{"line":69,"column":16},"end":{"line":69,"column":28}},"24":{"start":{"line":72,"column":12},"end":{"line":72,"column":28}},"25":{"start":{"line":76,"column":4},"end":{"line":76,"column":17}},"26":{"start":{"line":79,"column":20},"end":{"line":98,"column":1}},"27":{"start":{"line":86,"column":32},"end":{"line":88,"column":5}},"28":{"start":{"line":87,"column":19},"end":{"line":87,"column":48}},"29":{"start":{"line":90,"column":4},"end":{"line":97,"column":6}},"30":{"start":{"line":100,"column":38},"end":{"line":216,"column":1}},"31":{"start":{"line":103,"column":24},"end":{"line":103,"column":45}},"32":{"start":{"line":104,"column":27},"end":{"line":104,"column":53}},"33":{"start":{"line":105,"column":18},"end":{"line":105,"column":39}},"34":{"start":{"line":107,"column":45},"end":{"line":107,"column":47}},"35":{"start":{"line":108,"column":34},"end":{"line":108,"column":36}},"36":{"start":{"line":110,"column":4},"end":{"line":122,"column":5}},"37":{"start":{"line":111,"column":8},"end":{"line":115,"column":11}},"38":{"start":{"line":117,"column":8},"end":{"line":119,"column":10}},"39":{"start":{"line":121,"column":8},"end":{"line":121,"column":75}},"40":{"start":{"line":124,"column":4},"end":{"line":134,"column":5}},"41":{"start":{"line":125,"column":8},"end":{"line":129,"column":11}},"42":{"start":{"line":131,"column":8},"end":{"line":133,"column":10}},"43":{"start":{"line":136,"column":4},"end":{"line":146,"column":5}},"44":{"start":{"line":137,"column":8},"end":{"line":141,"column":11}},"45":{"start":{"line":143,"column":8},"end":{"line":145,"column":10}},"46":{"start":{"line":148,"column":4},"end":{"line":156,"column":5}},"47":{"start":{"line":149,"column":8},"end":{"line":153,"column":11}},"48":{"start":{"line":155,"column":8},"end":{"line":155,"column":85}},"49":{"start":{"line":158,"column":4},"end":{"line":166,"column":5}},"50":{"start":{"line":159,"column":8},"end":{"line":163,"column":11}},"51":{"start":{"line":165,"column":8},"end":{"line":165,"column":82}},"52":{"start":{"line":168,"column":4},"end":{"line":178,"column":5}},"53":{"start":{"line":169,"column":8},"end":{"line":173,"column":11}},"54":{"start":{"line":175,"column":8},"end":{"line":177,"column":10}},"55":{"start":{"line":180,"column":4},"end":{"line":190,"column":5}},"56":{"start":{"line":181,"column":8},"end":{"line":185,"column":11}},"57":{"start":{"line":187,"column":8},"end":{"line":189,"column":10}},"58":{"start":{"line":192,"column":42},"end":{"line":192,"column":54}},"59":{"start":{"line":194,"column":29},"end":{"line":194,"column":82}},"60":{"start":{"line":194,"column":52},"end":{"line":194,"column":81}},"61":{"start":{"line":195,"column":28},"end":{"line":195,"column":80}},"62":{"start":{"line":195,"column":51},"end":{"line":195,"column":79}},"63":{"start":{"line":197,"column":4},"end":{"line":207,"column":5}},"64":{"start":{"line":198,"column":8},"end":{"line":198,"column":37}},"65":{"start":{"line":199,"column":11},"end":{"line":207,"column":5}},"66":{"start":{"line":200,"column":8},"end":{"line":200,"column":26}},"67":{"start":{"line":202,"column":8},"end":{"line":206,"column":11}},"68":{"start":{"line":209,"column":4},"end":{"line":215,"column":6}}},"fnMap":{"0":{"name":"(anonymous_0)","decl":{"start":{"line":35,"column":22},"end":{"line":35,"column":23}},"loc":{"start":{"line":36,"column":4},"end":{"line":40,"column":15}},"line":36},"1":{"name":"(anonymous_1)","decl":{"start":{"line":42,"column":17},"end":{"line":42,"column":18}},"loc":{"start":{"line":42,"column":45},"end":{"line":50,"column":1}},"line":42},"2":{"name":"(anonymous_2)","decl":{"start":{"line":52,"column":30},"end":{"line":52,"column":31}},"loc":{"start":{"line":52,"column":57},"end":{"line":55,"column":1}},"line":52},"3":{"name":"(anonymous_3)","decl":{"start":{"line":57,"column":25},"end":{"line":57,"column":26}},"loc":{"start":{"line":57,"column":55},"end":{"line":77,"column":1}},"line":57},"4":{"name":"(anonymous_4)","decl":{"start":{"line":79,"column":20},"end":{"line":79,"column":21}},"loc":{"start":{"line":85,"column":30},"end":{"line":98,"column":1}},"line":85},"5":{"name":"(anonymous_5)","decl":{"start":{"line":87,"column":8},"end":{"line":87,"column":9}},"loc":{"start":{"line":87,"column":19},"end":{"line":87,"column":48}},"line":87},"6":{"name":"(anonymous_6)","decl":{"start":{"line":100,"column":38},"end":{"line":100,"column":39}},"loc":{"start":{"line":102,"column":30},"end":{"line":216,"column":1}},"line":102},"7":{"name":"(anonymous_7)","decl":{"start":{"line":194,"column":41},"end":{"line":194,"column":42}},"loc":{"start":{"line":194,"column":52},"end":{"line":194,"column":81}},"line":194},"8":{"name":"(anonymous_8)","decl":{"start":{"line":195,"column":40},"end":{"line":195,"column":41}},"loc":{"start":{"line":195,"column":51},"end":{"line":195,"column":79}},"line":195}},"branchMap":{"0":{"loc":{"start":{"line":45,"column":4},"end":{"line":47,"column":5}},"type":"if","locations":[{"start":{"line":45,"column":4},"end":{"line":47,"column":5}},{"start":{},"end":{}}],"line":45},"1":{"loc":{"start":{"line":58,"column":4},"end":{"line":60,"column":5}},"type":"if","locations":[{"start":{"line":58,"column":4},"end":{"line":60,"column":5}},{"start":{},"end":{}}],"line":58},"2":{"loc":{"start":{"line":65,"column":8},"end":{"line":73,"column":9}},"type":"if","locations":[{"start":{"line":65,"column":8},"end":{"line":73,"column":9}},{"start":{"line":71,"column":15},"end":{"line":73,"column":9}}],"line":65},"3":{"loc":{"start":{"line":68,"column":12},"end":{"line":70,"column":13}},"type":"if","locations":[{"start":{"line":68,"column":12},"end":{"line":70,"column":13}},{"start":{},"end":{}}],"line":68},"4":{"loc":{"start":{"line":110,"column":4},"end":{"line":122,"column":5}},"type":"if","locations":[{"start":{"line":110,"column":4},"end":{"line":122,"column":5}},{"start":{},"end":{}}],"line":110},"5":{"loc":{"start":{"line":124,"column":4},"end":{"line":134,"column":5}},"type":"if","locations":[{"start":{"line":124,"column":4},"end":{"line":134,"column":5}},{"start":{},"end":{}}],"line":124},"6":{"loc":{"start":{"line":136,"column":4},"end":{"line":146,"column":5}},"type":"if","locations":[{"start":{"line":136,"column":4},"end":{"line":146,"column":5}},{"start":{},"end":{}}],"line":136},"7":{"loc":{"start":{"line":148,"column":4},"end":{"line":156,"column":5}},"type":"if","locations":[{"start":{"line":148,"column":4},"end":{"line":156,"column":5}},{"start":{},"end":{}}],"line":148},"8":{"loc":{"start":{"line":158,"column":4},"end":{"line":166,"column":5}},"type":"if","locations":[{"start":{"line":158,"column":4},"end":{"line":166,"column":5}},{"start":{},"end":{}}],"line":158},"9":{"loc":{"start":{"line":168,"column":4},"end":{"line":178,"column":5}},"type":"if","locations":[{"start":{"line":168,"column":4},"end":{"line":178,"column":5}},{"start":{},"end":{}}],"line":168},"10":{"loc":{"start":{"line":180,"column":4},"end":{"line":190,"column":5}},"type":"if","locations":[{"start":{"line":180,"column":4},"end":{"line":190,"column":5}},{"start":{},"end":{}}],"line":180},"11":{"loc":{"start":{"line":180,"column":8},"end":{"line":180,"column":74}},"type":"binary-expr","locations":[{"start":{"line":180,"column":8},"end":{"line":180,"column":38}},{"start":{"line":180,"column":42},"end":{"line":180,"column":74}}],"line":180},"12":{"loc":{"start":{"line":197,"column":4},"end":{"line":207,"column":5}},"type":"if","locations":[{"start":{"line":197,"column":4},"end":{"line":207,"column":5}},{"start":{"line":199,"column":11},"end":{"line":207,"column":5}}],"line":197},"13":{"loc":{"start":{"line":197,"column":8},"end":{"line":197,"column":43}},"type":"binary-expr","locations":[{"start":{"line":197,"column":8},"end":{"line":197,"column":24}},{"start":{"line":197,"column":28},"end":{"line":197,"column":43}}],"line":197},"14":{"loc":{"start":{"line":199,"column":11},"end":{"line":207,"column":5}},"type":"if","locations":[{"start":{"line":199,"column":11},"end":{"line":207,"column":5}},{"start":{},"end":{}}],"line":199}},"s":{"0":1,"1":1,"2":1,"3":1,"4":1,"5":17,"6":1,"7":6,"8":6,"9":1,"10":5,"11":1,"12":5,"13":5,"14":1,"15":5,"16":2,"17":3,"18":3,"19":3,"20":94,"21":0,"22":0,"23":0,"24":94,"25":3,"26":1,"27":6,"28":6,"29":6,"30":1,"31":6,"32":6,"33":6,"34":6,"35":6,"36":6,"37":1,"38":1,"39":1,"40":5,"41":3,"42":3,"43":5,"44":1,"45":1,"46":5,"47":1,"48":1,"49":5,"50":0,"51":0,"52":5,"53":0,"54":0,"55":5,"56":1,"57":1,"58":5,"59":5,"60":4,"61":5,"62":6,"63":5,"64":3,"65":2,"66":1,"67":1,"68":5},"f":{"0":17,"1":6,"2":5,"3":5,"4":6,"5":6,"6":6,"7":4,"8":6},"b":{"0":[1,5],"1":[2,3],"2":[0,94],"3":[0,0],"4":[1,5],"5":[3,2],"6":[1,4],"7":[1,4],"8":[0,5],"9":[0,5],"10":[1,4],"11":[5,2],"12":[3,2],"13":[5,2],"14":[1,1]},"_coverageSchema":"1a1c01bbd47fc00a2c39e90264f33305004495a9","hash":"891c6bdb8ebdf46998ba9e10033091a2073bf7cb"}
,"/Users/ruixinhuang/stemm_lab/stemm-lab/src/services/performanceFeedback/performanceFeedbackService.ts": {"path":"/Users/ruixinhuang/stemm_lab/stemm-lab/src/services/performanceFeedback/performanceFeedbackService.ts","statementMap":{"0":{"start":{"line":26,"column":4},"end":{"line":64,"column":5}},"1":{"start":{"line":28,"column":12},"end":{"line":28,"column":77}},"2":{"start":{"line":31,"column":12},"end":{"line":31,"column":54}},"3":{"start":{"line":34,"column":12},"end":{"line":34,"column":54}},"4":{"start":{"line":37,"column":12},"end":{"line":37,"column":54}},"5":{"start":{"line":40,"column":12},"end":{"line":40,"column":54}},"6":{"start":{"line":43,"column":12},"end":{"line":43,"column":54}},"7":{"start":{"line":46,"column":12},"end":{"line":46,"column":54}},"8":{"start":{"line":49,"column":12},"end":{"line":63,"column":14}}},"fnMap":{"0":{"name":"generatePerformanceFeedback","decl":{"start":{"line":22,"column":16},"end":{"line":22,"column":43}},"loc":{"start":{"line":25,"column":18},"end":{"line":65,"column":1}},"line":25}},"branchMap":{"0":{"loc":{"start":{"line":26,"column":4},"end":{"line":64,"column":5}},"type":"switch","locations":[{"start":{"line":27,"column":8},"end":{"line":28,"column":77}},{"start":{"line":30,"column":8},"end":{"line":31,"column":54}},{"start":{"line":33,"column":8},"end":{"line":34,"column":54}},{"start":{"line":36,"column":8},"end":{"line":37,"column":54}},{"start":{"line":39,"column":8},"end":{"line":40,"column":54}},{"start":{"line":42,"column":8},"end":{"line":43,"column":54}},{"start":{"line":45,"column":8},"end":{"line":46,"column":54}},{"start":{"line":48,"column":8},"end":{"line":63,"column":14}}],"line":26}},"s":{"0":4,"1":1,"2":1,"3":0,"4":0,"5":0,"6":0,"7":1,"8":1},"f":{"0":4},"b":{"0":[1,1,0,0,0,0,1,1]},"_coverageSchema":"1a1c01bbd47fc00a2c39e90264f33305004495a9","hash":"21233ef58abef010fa1f30d988a7f36db13b6906"}
}
