TN:
SF:src/services/offlineSubmissionQueueService.ts
FN:24,queueFinalSubmission
FN:60,getQueuedSubmissionStatus
FNF:2
FNH:2
FNDA:4,queueFinalSubmission
FNDA:2,getQueuedSubmissionStatus
DA:27,4
DA:28,1
DA:31,3
DA:32,1
DA:35,2
DA:37,2
DA:38,1
DA:45,1
DA:53,1
DA:63,2
DA:64,2
LF:11
LH:11
BRDA:27,0,0,1
BRDA:27,0,1,3
BRDA:31,1,0,1
BRDA:31,1,1,2
BRDA:37,2,0,1
BRDA:37,2,1,1
BRDA:48,3,0,1
BRDA:48,3,1,0
BRDA:49,4,0,1
BRDA:49,4,1,1
BRDA:64,5,0,2
BRDA:64,5,1,1
BRF:12
BRH:11
end_of_record
TN:
SF:src/services/offlineSubmissionSyncAdapter.ts
FN:17,isOfflineSubmissionPayload
FN:35,submitOfflineToFirebase
FNF:2
FNH:2
FNDA:4,isOfflineSubmissionPayload
FNDA:4,submitOfflineToFirebase
DA:20,4
DA:21,0
DA:24,4
DA:26,4
DA:38,4
DA:40,4
DA:41,1
DA:46,3
DA:48,1
DA:49,1
DA:53,1
DA:54,1
DA:58,0
DA:59,0
DA:63,0
DA:64,0
DA:68,0
DA:69,0
DA:73,0
DA:74,0
DA:78,1
DA:79,1
DA:83,0
LF:23
LH:13
BRDA:20,0,0,0
BRDA:20,0,1,4
BRDA:20,1,0,4
BRDA:20,1,1,4
BRDA:27,2,0,4
BRDA:27,2,1,4
BRDA:27,2,2,4
BRDA:27,2,3,3
BRDA:27,2,4,3
BRDA:40,3,0,1
BRDA:40,3,1,3
BRDA:46,4,0,1
BRDA:46,4,1,1
BRDA:46,4,2,0
BRDA:46,4,3,0
BRDA:46,4,4,0
BRDA:46,4,5,0
BRDA:46,4,6,1
BRDA:46,4,7,0
BRF:19
BRH:13
end_of_record
TN:
SF:src/services/reflectionQualityService.ts
FN:35,(anonymous_0)
FN:42,(anonymous_1)
FN:52,(anonymous_2)
FN:57,(anonymous_3)
FN:79,(anonymous_4)
FN:87,(anonymous_5)
FN:100,(anonymous_6)
FN:194,(anonymous_7)
FN:195,(anonymous_8)
FNF:9
FNH:9
FNDA:17,(anonymous_0)
FNDA:6,(anonymous_1)
FNDA:5,(anonymous_2)
FNDA:5,(anonymous_3)
FNDA:6,(anonymous_4)
FNDA:6,(anonymous_5)
FNDA:6,(anonymous_6)
FNDA:4,(anonymous_7)
FNDA:6,(anonymous_8)
DA:8,1
DA:9,1
DA:11,1
DA:30,1
DA:35,1
DA:36,17
DA:42,1
DA:43,6
DA:45,6
DA:46,1
DA:49,5
DA:52,1
DA:53,5
DA:54,5
DA:57,1
DA:58,5
DA:59,2
DA:62,3
DA:64,3
DA:65,94
DA:66,0
DA:68,0
DA:69,0
DA:72,94
DA:76,3
DA:79,1
DA:86,6
DA:87,6
DA:90,6
DA:100,1
DA:103,6
DA:104,6
DA:105,6
DA:107,6
DA:108,6
DA:110,6
DA:111,1
DA:117,1
DA:121,1
DA:124,5
DA:125,3
DA:131,3
DA:136,5
DA:137,1
DA:143,1
DA:148,5
DA:149,1
DA:155,1
DA:158,5
DA:159,0
DA:165,0
DA:168,5
DA:169,0
DA:175,0
DA:180,5
DA:181,1
DA:187,1
DA:192,5
DA:194,5
DA:195,6
DA:197,5
DA:198,3
DA:199,2
DA:200,1
DA:202,1
DA:209,5
LF:66
LH:59
BRDA:45,0,0,1
BRDA:45,0,1,5
BRDA:58,1,0,2
BRDA:58,1,1,3
BRDA:65,2,0,0
BRDA:65,2,1,94
BRDA:68,3,0,0
BRDA:68,3,1,0
BRDA:110,4,0,1
BRDA:110,4,1,5
BRDA:124,5,0,3
BRDA:124,5,1,2
BRDA:136,6,0,1
BRDA:136,6,1,4
BRDA:148,7,0,1
BRDA:148,7,1,4
BRDA:158,8,0,0
BRDA:158,8,1,5
BRDA:168,9,0,0
BRDA:168,9,1,5
BRDA:180,10,0,1
BRDA:180,10,1,4
BRDA:180,11,0,5
BRDA:180,11,1,2
BRDA:197,12,0,3
BRDA:197,12,1,2
BRDA:197,13,0,5
BRDA:197,13,1,2
BRDA:199,14,0,1
BRDA:199,14,1,1
BRF:30
BRH:25
end_of_record
TN:
SF:src/services/performanceFeedback/performanceFeedbackService.ts
FN:22,generatePerformanceFeedback
FNF:1
FNH:1
FNDA:4,generatePerformanceFeedback
DA:26,4
DA:28,1
DA:31,1
DA:34,0
DA:37,0
DA:40,0
DA:43,0
DA:46,1
DA:49,1
LF:9
LH:5
BRDA:26,0,0,1
BRDA:26,0,1,1
BRDA:26,0,2,0
BRDA:26,0,3,0
BRDA:26,0,4,0
BRDA:26,0,5,0
BRDA:26,0,6,1
BRDA:26,0,7,1
BRF:8
BRH:4
end_of_record
